src/MB_dist.py:14: error: Skipping analyzing "scipy.spatial.distance": module is installed, but missing library stubs or py.typed marker  [import-untyped]
src/MB_dist.py:14: note: See https://mypy.readthedocs.io/en/stable/running_mypy.html#missing-imports
src/MB_dist.py:119: error: Incompatible types in assignment (expression has type "tuple[ndarray[tuple[int, ...], dtype[signedinteger[_32Bit | _64Bit]]], ...]", variable has type "tuple[ndarray[tuple[int, ...], dtype[signedinteger[_32Bit | _64Bit]]], ndarray[tuple[int, ...], dtype[signedinteger[_32Bit | _64Bit]]]]")  [assignment]
src/MB_dist.py:177: error: Incompatible types in assignment (expression has type "ndarray[tuple[int, ...], dtype[floating[Any]]]", variable has type "ndarray[tuple[int, ...], dtype[float64]]")  [assignment]
src/MB_dist.py:181: error: Incompatible types in assignment (expression has type "ndarray[tuple[int, ...], dtype[floating[Any]]]", variable has type "ndarray[tuple[int, ...], dtype[float64]]")  [assignment]
src/MB_dist.py:193: error: Name "m1" already defined on line 178  [no-redef]
src/MB_dist.py:194: error: Name "m2" already defined on line 179  [no-redef]
src/MB_dist.py:195: error: Incompatible types in assignment (expression has type "ndarray[tuple[int, ...], dtype[floating[Any]]]", variable has type "ndarray[tuple[int, ...], dtype[float64]]")  [assignment]
src/MB_dist.py:196: error: Incompatible types in assignment (expression has type "ndarray[tuple[int, ...], dtype[floating[Any]]]", variable has type "ndarray[tuple[int, ...], dtype[float64]]")  [assignment]
src/MB_dist.py:203: error: Incompatible types in assignment (expression has type "ndarray[tuple[int, ...], dtype[floating[Any]]]", variable has type "ndarray[tuple[int, ...], dtype[float64]]")  [assignment]
src/MB_dist.py:233: error: Incompatible types in assignment (expression has type "ndarray[tuple[int, ...], dtype[floating[Any]]]", variable has type "ndarray[tuple[int, ...], dtype[float64]]")  [assignment]
src/MB_dist.py:243: error: Incompatible types in assignment (expression has type "ndarray[tuple[int, ...], dtype[floating[Any]]]", variable has type "ndarray[tuple[int, ...], dtype[float64]]")  [assignment]
src/MB_dist.py:256: error: Name "plt.Axes" is not defined  [name-defined]
src/MB_dist.py:263: error: Incompatible types in assignment (expression has type "ndarray[tuple[int, ...], dtype[unsignedinteger[Any]]]", variable has type "ndarray[tuple[int, ...], dtype[signedinteger[_32Bit | _64Bit]]]")  [assignment]
src/MB_dist.py:280: error: Incompatible types in assignment (expression has type "ndarray[tuple[int, ...], dtype[floating[Any]]]", variable has type "ndarray[tuple[int, ...], dtype[float64]]")  [assignment]
src/MB_dist.py:309: error: Returning Any from function declared to return "float"  [no-any-return]
src/MB_dist.py:323: error: Left operand of "and" is always true  [redundant-expr]
src/MB_dist.py:333: error: Left operand of "and" is always true  [redundant-expr]
src/MB_dist.py:352: error: Incompatible types in assignment (expression has type "ndarray[tuple[int, ...], dtype[floating[Any]]]", variable has type "ndarray[tuple[int, ...], dtype[float64]]")  [assignment]
src/MB_dist.py:353: error: Incompatible types in assignment (expression has type "ndarray[tuple[int, ...], dtype[floating[Any]]]", variable has type "ndarray[tuple[int, ...], dtype[float64]]")  [assignment]
src/MB_dist.py:355: error: Incompatible types in assignment (expression has type "ndarray[tuple[int, ...], dtype[floating[Any]]]", variable has type "ndarray[tuple[int, ...], dtype[float64]]")  [assignment]
src/MB_dist.py:356: error: Incompatible types in assignment (expression has type "ndarray[tuple[int, ...], dtype[floating[Any]]]", variable has type "ndarray[tuple[int, ...], dtype[float64]]")  [assignment]
src/MB_dist.py:358: error: Incompatible types in assignment (expression has type "ndarray[tuple[int, ...], dtype[floating[Any]]]", variable has type "ndarray[tuple[int, ...], dtype[float64]]")  [assignment]
src/MB_dist.py:359: error: Incompatible types in assignment (expression has type "ndarray[tuple[int, ...], dtype[floating[Any]]]", variable has type "ndarray[tuple[int, ...], dtype[float64]]")  [assignment]
src/MB_dist.py:362: error: Argument 2 to "Particle" has incompatible type "float64"; expected "list[float] | tuple[float, float] | ndarray[tuple[int, ...], dtype[float64]]"  [arg-type]
src/MB_dist.py:362: error: Argument 3 to "Particle" has incompatible type "float64"; expected "list[float] | tuple[float, float] | ndarray[tuple[int, ...], dtype[float64]]"  [arg-type]
src/MB_dist.py:363: error: Argument 2 to "Particle" has incompatible type "float64"; expected "list[float] | tuple[float, float] | ndarray[tuple[int, ...], dtype[float64]]"  [arg-type]
src/MB_dist.py:363: error: Argument 3 to "Particle" has incompatible type "float64"; expected "list[float] | tuple[float, float] | ndarray[tuple[int, ...], dtype[float64]]"  [arg-type]
src/MB_dist.py:364: error: Argument 2 to "Particle" has incompatible type "float64"; expected "list[float] | tuple[float, float] | ndarray[tuple[int, ...], dtype[float64]]"  [arg-type]
src/MB_dist.py:364: error: Argument 3 to "Particle" has incompatible type "float64"; expected "list[float] | tuple[float, float] | ndarray[tuple[int, ...], dtype[float64]]"  [arg-type]
src/MB_dist.py:371: error: Name "plt.Figure" is not defined  [name-defined]
src/MB_dist.py:371: error: Name "plt.Axes" is not defined  [name-defined]
src/MB_dist.py:371: error: Name "plt.Text" is not defined  [name-defined]
src/MB_dist.py:416: error: Incompatible types in assignment (expression has type "floating[Any]", variable has type "float")  [assignment]
src/MB_dist.py:421: error: Name "plt.Axes" is not defined  [name-defined]
src/MB_dist.py:435: error: Incompatible types in assignment (expression has type "ndarray[tuple[int, ...], dtype[floating[Any]]]", variable has type "ndarray[tuple[int, ...], dtype[float64]]")  [assignment]
src/MB_dist.py:440: error: Name "plt.Text" is not defined  [name-defined]
src/MB_dist.py:494: error: "MDSimulation" has no attribute "fig"  [attr-defined]
src/MB_dist.py:502: error: Name "plt.Text" is not defined  [name-defined]
src/MB_dist.py:507: error: Name "plt.Text" is not defined  [name-defined]
src/MB_dist.py:527: error: "PathCollection" has no attribute "set_facecolors"  [attr-defined]
tests/test_MB_dist_basic.py:5: error: Cannot find implementation or library stub for module named "pytest"  [import-not-found]
tests/test_MB_dist_basic.py:14: error: Argument 2 to "insert" of "list" has incompatible type "Path"; expected "str"  [arg-type]
tests/test_MB_dist_basic.py:21: error: Function is missing a return type annotation  [no-untyped-def]
tests/test_MB_dist_basic.py:26: error: Function is missing a return type annotation  [no-untyped-def]
tests/test_MB_dist_basic.py:31: error: Function is missing a return type annotation  [no-untyped-def]
tests/test_MB_dist_basic.py:36: error: Function is missing a type annotation  [no-untyped-def]
tests/test_MB_dist_basic.py:43: error: Function is missing a type annotation  [no-untyped-def]
tests/test_MB_dist_basic.py:50: error: Function is missing a type annotation  [no-untyped-def]
tests/test_MB_dist_basic.py:57: error: Function is missing a type annotation  [no-untyped-def]
tests/test_MB_dist_basic.py:64: error: Function is missing a type annotation  [no-untyped-def]
tests/test_MB_dist_basic.py:73: error: Function is missing a type annotation  [no-untyped-def]
tests/test_MB_dist_basic.py:156: error: Function is missing a type annotation  [no-untyped-def]
tests/test_MB_dist_basic.py:162: error: Function is missing a return type annotation  [no-untyped-def]
tests/test_MB_dist_basic.py:162: note: Use "-> None" if function does not return a value
tests/test_MB_dist_basic.py:163: error: Need type annotation for "particles" (hint: "particles: list[<type>] = ...")  [var-annotated]
tests/test_MB_dist_basic.py:171: error: Function is missing a return type annotation  [no-untyped-def]
tests/test_MB_dist_basic.py:171: note: Use "-> None" if function does not return a value
tests/test_MB_dist_basic.py:186: error: Function is missing a type annotation  [no-untyped-def]
tests/test_MB_dist_basic.py:200: error: Function is missing a type annotation  [no-untyped-def]
tests/test_MB_dist_basic.py:228: error: Function is missing a type annotation  [no-untyped-def]
tests/test_MB_dist_basic.py:251: error: Function is missing a type annotation  [no-untyped-def]
tests/test_MB_dist_basic.py:276: error: Function is missing a return type annotation  [no-untyped-def]
tests/test_MB_dist_basic.py:276: note: Use "-> None" if function does not return a value
tests/test_MB_dist_basic.py:294: error: Function is missing a return type annotation  [no-untyped-def]
tests/test_MB_dist_basic.py:294: note: Use "-> None" if function does not return a value
tests/test_MB_dist_basic.py:310: error: Function is missing a type annotation  [no-untyped-def]
tests/test_MB_dist.py:2: error: Cannot find implementation or library stub for module named "pytest"  [import-not-found]
tests/test_MB_dist.py:3: error: Skipping analyzing "scipy.stats": module is installed, but missing library stubs or py.typed marker  [import-untyped]
tests/test_MB_dist.py:13: error: Missing type parameters for generic type "ndarray"  [type-arg]
tests/test_MB_dist.py:17: error: Returning Any from function declared to return "float"  [no-any-return]
tests/test_MB_dist.py:28: error: Returning Any from function declared to return "bool"  [no-any-return]
tests/test_MB_dist.py:31: error: Function is missing a return type annotation  [no-untyped-def]
tests/test_MB_dist.py:50: error: Argument 2 to "Particle" has incompatible type "float64"; expected "list[float] | tuple[float, float] | ndarray[tuple[int, ...], dtype[float64]]"  [arg-type]
tests/test_MB_dist.py:50: error: Argument 3 to "Particle" has incompatible type "floating[Any]"; expected "list[float] | tuple[float, float] | ndarray[tuple[int, ...], dtype[float64]]"  [arg-type]
tests/test_MB_dist.py:51: error: Argument 2 to "Particle" has incompatible type "float64"; expected "list[float] | tuple[float, float] | ndarray[tuple[int, ...], dtype[float64]]"  [arg-type]
tests/test_MB_dist.py:51: error: Argument 3 to "Particle" has incompatible type "floating[Any]"; expected "list[float] | tuple[float, float] | ndarray[tuple[int, ...], dtype[float64]]"  [arg-type]
tests/test_MB_dist.py:52: error: Argument 2 to "Particle" has incompatible type "float64"; expected "list[float] | tuple[float, float] | ndarray[tuple[int, ...], dtype[float64]]"  [arg-type]
tests/test_MB_dist.py:52: error: Argument 3 to "Particle" has incompatible type "floating[Any]"; expected "list[float] | tuple[float, float] | ndarray[tuple[int, ...], dtype[float64]]"  [arg-type]
tests/test_MB_dist.py:65: error: Function is missing a return type annotation  [no-untyped-def]
tests/test_MB_dist.py:65: note: Use "-> None" if function does not return a value
tests/test_MB_dist.py:66: error: Call to untyped function "setup_simulation" in typed context  [no-untyped-call]
tests/test_MB_dist.py:82: error: Function is missing a return type annotation  [no-untyped-def]
tests/test_MB_dist.py:82: note: Use "-> None" if function does not return a value
Found 77 errors in 3 files (checked 3 source files)
