src/MB_dist.py:210: error: Incompatible types in assignment (expression has type "ndarray[tuple[int, ...], dtype[floating[Any]]]", variable has type "ndarray[tuple[int, ...], dtype[float64]]")  [assignment]
src/MB_dist.py:240: error: Incompatible types in assignment (expression has type "ndarray[tuple[int, ...], dtype[floating[Any]]]", variable has type "ndarray[tuple[int, ...], dtype[float64]]")  [assignment]
src/MB_dist.py:253: error: Incompatible types in assignment (expression has type "ndarray[tuple[int, ...], dtype[floating[Any]]]", variable has type "ndarray[tuple[int, ...], dtype[float64]]")  [assignment]
src/MB_dist.py:273: error: Incompatible types in assignment (expression has type "ndarray[tuple[int, ...], dtype[unsignedinteger[Any]]]", variable has type "ndarray[tuple[int, ...], dtype[signedinteger[_32Bit | _64Bit]]]")  [assignment]
src/MB_dist.py:293: error: Incompatible types in assignment (expression has type "ndarray[tuple[int, ...], dtype[floating[Any]]]", variable has type "ndarray[tuple[int, ...], dtype[float64]]")  [assignment]
src/MB_dist.py:363: error: Incompatible types in assignment (expression has type "ndarray[tuple[int, ...], dtype[floating[Any]]]", variable has type "ndarray[tuple[int, ...], dtype[float64]]")  [assignment]
src/MB_dist.py:364: error: Incompatible types in assignment (expression has type "ndarray[tuple[int, ...], dtype[floating[Any]]]", variable has type "ndarray[tuple[int, ...], dtype[float64]]")  [assignment]
src/MB_dist.py:366: error: Incompatible types in assignment (expression has type "ndarray[tuple[int, ...], dtype[floating[Any]]]", variable has type "ndarray[tuple[int, ...], dtype[float64]]")  [assignment]
src/MB_dist.py:367: error: Incompatible types in assignment (expression has type "ndarray[tuple[int, ...], dtype[floating[Any]]]", variable has type "ndarray[tuple[int, ...], dtype[float64]]")  [assignment]
src/MB_dist.py:369: error: Incompatible types in assignment (expression has type "ndarray[tuple[int, ...], dtype[floating[Any]]]", variable has type "ndarray[tuple[int, ...], dtype[float64]]")  [assignment]
src/MB_dist.py:370: error: Incompatible types in assignment (expression has type "ndarray[tuple[int, ...], dtype[floating[Any]]]", variable has type "ndarray[tuple[int, ...], dtype[float64]]")  [assignment]
src/MB_dist.py:374: error: Argument 2 to "Particle" has incompatible type "float64"; expected "ndarray[tuple[int, ...], dtype[float64]]"  [arg-type]
src/MB_dist.py:374: error: Argument 3 to "Particle" has incompatible type "float64"; expected "ndarray[tuple[int, ...], dtype[float64]]"  [arg-type]
src/MB_dist.py:375: error: Argument 2 to "Particle" has incompatible type "float64"; expected "ndarray[tuple[int, ...], dtype[float64]]"  [arg-type]
src/MB_dist.py:375: error: Argument 3 to "Particle" has incompatible type "float64"; expected "ndarray[tuple[int, ...], dtype[float64]]"  [arg-type]
src/MB_dist.py:376: error: Argument 2 to "Particle" has incompatible type "float64"; expected "ndarray[tuple[int, ...], dtype[float64]]"  [arg-type]
src/MB_dist.py:376: error: Argument 3 to "Particle" has incompatible type "float64"; expected "ndarray[tuple[int, ...], dtype[float64]]"  [arg-type]
src/MB_dist.py:428: error: Incompatible types in assignment (expression has type "floating[Any]", variable has type "float")  [assignment]
src/MB_dist.py:447: error: Incompatible types in assignment (expression has type "ndarray[tuple[int, ...], dtype[floating[Any]]]", variable has type "ndarray[tuple[int, ...], dtype[float64]]")  [assignment]
tests/test_MB_dist_basic.py:7: error: Unused "type: ignore" comment  [unused-ignore]
tests/test_MB_dist_basic.py:7: error: Cannot find implementation or library stub for module named "pytest"  [import-not-found]
tests/test_MB_dist_basic.py:7: note: Error code "import-not-found" not covered by "type: ignore" comment
tests/test_MB_dist_basic.py:24: error: Untyped decorator makes function "species_A" untyped  [misc]
tests/test_MB_dist_basic.py:29: error: Untyped decorator makes function "species_B" untyped  [misc]
tests/test_MB_dist_basic.py:34: error: Untyped decorator makes function "species_C" untyped  [misc]
tests/test_MB_dist_basic.py:39: error: Untyped decorator makes function "particle_A" untyped  [misc]
tests/test_MB_dist_basic.py:46: error: Untyped decorator makes function "particle_B" untyped  [misc]
tests/test_MB_dist_basic.py:53: error: Untyped decorator makes function "particle_C" untyped  [misc]
tests/test_MB_dist_basic.py:60: error: Untyped decorator makes function "simulation" untyped  [misc]
tests/test_MB_dist_basic.py:67: error: Untyped decorator makes function "simulation_reaction" untyped  [misc]
tests/test_MB_dist_basic.py:76: error: Untyped decorator makes function "simulation_elastic" untyped  [misc]
tests/test_MB_dist_basic.py:86: error: Untyped decorator makes function "test_get_speeds" untyped  [misc]
tests/test_MB_dist_basic.py:316: error: Incompatible types in assignment (expression has type "ndarray[tuple[int, ...], dtype[floating[Any]]]", variable has type "ndarray[tuple[int, ...], dtype[float64]]")  [assignment]
tests/test_MB_dist.py:2: error: Unused "type: ignore" comment  [unused-ignore]
tests/test_MB_dist.py:2: error: Cannot find implementation or library stub for module named "pytest"  [import-not-found]
tests/test_MB_dist.py:2: note: Error code "import-not-found" not covered by "type: ignore" comment
tests/test_MB_dist.py:2: note: See https://mypy.readthedocs.io/en/stable/running_mypy.html#missing-imports
tests/test_MB_dist.py:23: error: Incompatible return value type (got "int", expected "bool")  [return-value]
tests/test_MB_dist.py:34: error: Returning Any from function declared to return "bool"  [no-any-return]
tests/test_MB_dist.py:47: error: Incompatible types in assignment (expression has type "ndarray[tuple[int, ...], dtype[floating[Any]]]", variable has type "ndarray[tuple[int, ...], dtype[float64]]")  [assignment]
tests/test_MB_dist.py:50: error: Incompatible types in assignment (expression has type "ndarray[tuple[int, ...], dtype[floating[Any]]]", variable has type "ndarray[tuple[int, ...], dtype[float64]]")  [assignment]
tests/test_MB_dist.py:53: error: Incompatible types in assignment (expression has type "ndarray[tuple[int, ...], dtype[floating[Any]]]", variable has type "ndarray[tuple[int, ...], dtype[float64]]")  [assignment]
Found 39 errors in 3 files (checked 2 source files)
